Using pre-set license
Built from '2020.3/staging' branch; Version is '2020.3.18f1 (a7d1c678663c) revision 10998214'; Using compiler version '192528614'; Build Type 'Release'
OS: 'Windows 10 Home; OS build 19044.1889; Version 2009; 64bit' Language: 'en' Physical Memory: 8071 MB
BatchMode: 1, IsHumanControllingUs: 0, StartBugReporterOnCrash: 0, Is64bit: 1, IsPro: 0

COMMAND LINE ARGUMENTS:
C:\Program Files\Unity\Hub\Editor\2020.3.18f1\Editor\Unity.exe
-adb2
-batchMode
-noUpm
-name
AssetImportWorker0
-projectPath
C:/Users/noisy/Desktop/CAPPING/SENDHELP-2022/[SENDHELP] ARI
-logFile
Logs/AssetImportWorker0.log
-srvPort
56696
Successfully changed project path to: C:/Users/noisy/Desktop/CAPPING/SENDHELP-2022/[SENDHELP] ARI
C:/Users/noisy/Desktop/CAPPING/SENDHELP-2022/[SENDHELP] ARI
Using Asset Import Pipeline V2.
Refreshing native plugins compatible for Editor in 62.17 ms, found 2 plugins.
Preloading 0 native plugins for Editor in 0.00 ms.
Initialize engine version: 2020.3.18f1 (a7d1c678663c)
[Subsystems] Discovering subsystems at path C:/Program Files/Unity/Hub/Editor/2020.3.18f1/Editor/Data/Resources/UnitySubsystems
[Subsystems] Discovering subsystems at path C:/Users/noisy/Desktop/CAPPING/SENDHELP-2022/[SENDHELP] ARI/Assets
GfxDevice: creating device client; threaded=0
Direct3D:
    Version:  Direct3D 11.0 [level 11.1]
    Renderer: NVIDIA GeForce GTX 1650 (ID=0x1f91)
    Vendor:   
    VRAM:     3962 MB
    Driver:   31.0.15.1694
Initialize mono
Mono path[0] = 'C:/Program Files/Unity/Hub/Editor/2020.3.18f1/Editor/Data/Managed'
Mono path[1] = 'C:/Program Files/Unity/Hub/Editor/2020.3.18f1/Editor/Data/MonoBleedingEdge/lib/mono/unityjit'
Mono config path = 'C:/Program Files/Unity/Hub/Editor/2020.3.18f1/Editor/Data/MonoBleedingEdge/etc'
Using monoOptions --debugger-agent=transport=dt_socket,embedding=1,server=y,suspend=n,address=127.0.0.1:56164
Begin MonoManager ReloadAssembly
Registering precompiled unity dll's ...
Register platform support module: C:/Program Files/Unity/Hub/Editor/2020.3.18f1/Editor/Data/PlaybackEngines/WindowsStandaloneSupport/UnityEditor.WindowsStandalone.Extensions.dll
Registered in 0.002157 seconds.
Native extension for WindowsStandalone target not found
Refreshing native plugins compatible for Editor in 63.58 ms, found 2 plugins.
Preloading 0 native plugins for Editor in 0.00 ms.
Mono: successfully reloaded assembly
- Completed reload, in  2.971 seconds
Domain Reload Profiling:
	ReloadAssembly (2971ms)
		BeginReloadAssembly (59ms)
			ExecutionOrderSort (0ms)
			DisableScriptedObjects (0ms)
			BackupInstance (0ms)
			ReleaseScriptingObjects (0ms)
			CreateAndSetChildDomain (1ms)
		EndReloadAssembly (492ms)
			LoadAssemblies (57ms)
			RebuildTransferFunctionScriptingTraits (0ms)
			SetupTypeCache (137ms)
			ReleaseScriptCaches (0ms)
			RebuildScriptCaches (35ms)
			SetupLoadedEditorAssemblies (183ms)
				LogAssemblyErrors (0ms)
				InitializePlatformSupportModulesInManaged (4ms)
				SetLoadedEditorAssemblies (0ms)
				RefreshPlugins (64ms)
				BeforeProcessingInitializeOnLoad (8ms)
				ProcessInitializeOnLoadAttributes (79ms)
				ProcessInitializeOnLoadMethodAttributes (28ms)
				AfterProcessingInitializeOnLoad (0ms)
				EditorAssembliesLoaded (0ms)
			ExecutionOrderSort2 (0ms)
			AwakeInstancesAfterBackupRestoration (0ms)
Platform modules already initialized, skipping
Registering precompiled user dll's ...
Registered in 0.004611 seconds.
Begin MonoManager ReloadAssembly
Native extension for WindowsStandalone target not found
Refreshing native plugins compatible for Editor in 59.78 ms, found 2 plugins.
Preloading 0 native plugins for Editor in 0.00 ms.
Mono: successfully reloaded assembly
- Completed reload, in  1.253 seconds
Domain Reload Profiling:
	ReloadAssembly (1254ms)
		BeginReloadAssembly (132ms)
			ExecutionOrderSort (0ms)
			DisableScriptedObjects (4ms)
			BackupInstance (0ms)
			ReleaseScriptingObjects (0ms)
			CreateAndSetChildDomain (18ms)
		EndReloadAssembly (1064ms)
			LoadAssemblies (86ms)
			RebuildTransferFunctionScriptingTraits (0ms)
			SetupTypeCache (286ms)
			ReleaseScriptCaches (1ms)
			RebuildScriptCaches (54ms)
			SetupLoadedEditorAssemblies (515ms)
				LogAssemblyErrors (0ms)
				InitializePlatformSupportModulesInManaged (4ms)
				SetLoadedEditorAssemblies (0ms)
				RefreshPlugins (60ms)
				BeforeProcessingInitializeOnLoad (64ms)
				ProcessInitializeOnLoadAttributes (374ms)
				ProcessInitializeOnLoadMethodAttributes (5ms)
				AfterProcessingInitializeOnLoad (7ms)
				EditorAssembliesLoaded (0ms)
			ExecutionOrderSort2 (0ms)
			AwakeInstancesAfterBackupRestoration (5ms)
Platform modules already initialized, skipping
========================================================================
Worker process is ready to serve import requests
Launched and connected shader compiler UnityShaderCompiler.exe after 0.06 seconds
Refreshing native plugins compatible for Editor in 1.03 ms, found 2 plugins.
Preloading 0 native plugins for Editor in 0.00 ms.
Unloading 2422 Unused Serialized files (Serialized files now loaded: 0)
System memory in use before: 109.7 MB.
System memory in use after: 109.9 MB.

Unloading 84 unused Assets to reduce memory usage. Loaded Objects now: 2861.
Total: 3.211100 ms (FindLiveObjects: 0.242700 ms CreateObjectMapping: 0.108000 ms MarkObjects: 2.704400 ms  DeleteObjects: 0.155200 ms)

AssetImportParameters requested are different than current active one (requested -> active):
  custom:framework-win-MediaFoundation: 216162199b28c13a410421893ffa2e32 -> 
  custom:video-decoder-ogg-theora: a1e56fd34408186e4bbccfd4996cb3dc -> 
  custom:container-muxer-webm: aa71ff27fc2769a1b78a27578f13a17b -> 
  custom:container-demuxer-webm: 4f35f7cbe854078d1ac9338744f61a02 -> 
  custom:container-demuxer-ogg: 62fdf1f143b41e24485cea50d1cbac27 -> 
  custom:video-encoder-webm-vp8: eb34c28f22e8b96e1ab97ce403110664 -> 
  custom:video-codec-MediaFoundation-h265: 746d11721c4dcdbdad8f713fa42b33f4 -> 
  custom:video-decoder-webm-vp8: 9c59270c3fd7afecdb556c50c9e8de78 -> 
  custom:audio-decoder-ogg-vorbis: bf7c407c2cedff20999df2af8eb42d56 -> 
  custom:audio-encoder-webm-vorbis: bf7c407c2cedff20999df2af8eb42d56 -> 
========================================================================
Received Import Request.
  path: Assets/Developers/Erin/Animations/[UI] Fade Management.prefab
  artifactKey: Guid(a9094e6c615804d488f54c10b19d38e2) Importer(815301076,1909f56bfc062723c751e8b465ee728b)
Start importing Assets/Developers/Erin/Animations/[UI] Fade Management.prefab using Guid(a9094e6c615804d488f54c10b19d38e2) Importer(815301076,1909f56bfc062723c751e8b465ee728b)  -> (artifact id: 'e6dfbd495c0a2519b96452b36c300e4e') in 0.062102 seconds 
  Import took 0.066979 seconds .

========================================================================
Received Import Request.
  Time since last request: 27.152096 seconds.
  path: Assets/Developers/Erin/Scripts/CameraControllerLevelSelection.cs
  artifactKey: Guid(224bae48f91420448beee588112b9fcd) Importer(815301076,1909f56bfc062723c751e8b465ee728b)
Start importing Assets/Developers/Erin/Scripts/CameraControllerLevelSelection.cs using Guid(224bae48f91420448beee588112b9fcd) Importer(815301076,1909f56bfc062723c751e8b465ee728b)  -> (artifact id: '3a39ae186433ec7006fd9e4dce6c0422') in 0.017732 seconds 
  Import took 0.022405 seconds .

========================================================================
Received Import Request.
  Time since last request: 0.014498 seconds.
  path: Assets/Developers/Erin/Scripts/CameraControllerLevelSelection.cs
  artifactKey: Guid(224bae48f91420448beee588112b9fcd) Importer(815301076,1909f56bfc062723c751e8b465ee728b)
Start importing Assets/Developers/Erin/Scripts/CameraControllerLevelSelection.cs using Guid(224bae48f91420448beee588112b9fcd) Importer(815301076,1909f56bfc062723c751e8b465ee728b)  -> (artifact id: '3a39ae186433ec7006fd9e4dce6c0422') in 0.002211 seconds 
  Import took 0.007260 seconds .

========================================================================
Received Import Request.
  Time since last request: 1.442843 seconds.
  path: Assets/Developers/Erin/Scripts/CameraControllerQuizzes.cs
  artifactKey: Guid(be9c8cbd667e8a245812200b5692f284) Importer(815301076,1909f56bfc062723c751e8b465ee728b)
Start importing Assets/Developers/Erin/Scripts/CameraControllerQuizzes.cs using Guid(be9c8cbd667e8a245812200b5692f284) Importer(815301076,1909f56bfc062723c751e8b465ee728b)  -> (artifact id: '80da47c3ebca92d002c97872efa089f5') in 0.006630 seconds 
  Import took 0.013523 seconds .

========================================================================
Received Import Request.
  Time since last request: 0.005825 seconds.
  path: Assets/Developers/Erin/Scripts/CameraControllerQuizzes.cs
  artifactKey: Guid(be9c8cbd667e8a245812200b5692f284) Importer(815301076,1909f56bfc062723c751e8b465ee728b)
Start importing Assets/Developers/Erin/Scripts/CameraControllerQuizzes.cs using Guid(be9c8cbd667e8a245812200b5692f284) Importer(815301076,1909f56bfc062723c751e8b465ee728b)  -> (artifact id: '80da47c3ebca92d002c97872efa089f5') in 0.003386 seconds 
  Import took 0.009019 seconds .

========================================================================
Received Prepare
Refreshing native plugins compatible for Editor in 4.40 ms, found 2 plugins.
Preloading 0 native plugins for Editor in 0.00 ms.
Unloading 12 Unused Serialized files (Serialized files now loaded: 0)
System memory in use before: 57.9 MB.
System memory in use after: 58.0 MB.

Unloading 12 unused Assets to reduce memory usage. Loaded Objects now: 2861.
Total: 3.586100 ms (FindLiveObjects: 0.238700 ms CreateObjectMapping: 0.110000 ms MarkObjects: 3.176000 ms  DeleteObjects: 0.060400 ms)

AssetImportParameters requested are different than current active one (requested -> active):
  custom:framework-win-MediaFoundation: 216162199b28c13a410421893ffa2e32 -> 
  custom:video-decoder-ogg-theora: a1e56fd34408186e4bbccfd4996cb3dc -> 
  custom:container-muxer-webm: aa71ff27fc2769a1b78a27578f13a17b -> 
  custom:container-demuxer-webm: 4f35f7cbe854078d1ac9338744f61a02 -> 
  custom:container-demuxer-ogg: 62fdf1f143b41e24485cea50d1cbac27 -> 
  custom:video-encoder-webm-vp8: eb34c28f22e8b96e1ab97ce403110664 -> 
  custom:video-codec-MediaFoundation-h265: 746d11721c4dcdbdad8f713fa42b33f4 -> 
  custom:video-decoder-webm-vp8: 9c59270c3fd7afecdb556c50c9e8de78 -> 
  custom:audio-decoder-ogg-vorbis: bf7c407c2cedff20999df2af8eb42d56 -> 
  custom:audio-encoder-webm-vorbis: bf7c407c2cedff20999df2af8eb42d56 -> 
AssetImportWorkerClient::OnTransportError - code=2 error=End of file
